#-----------------------------------------------------------
# Vivado v2018.3 (64-bit)
# SW Build 2405991 on Thu Dec  6 23:38:27 MST 2018
# IP Build 2404404 on Fri Dec  7 01:43:56 MST 2018
# Start of session at: Sun Nov 26 19:06:57 2023
# Process ID: 18852
# Current directory: E:/Qi_FPGA/prj/0.led/VIVADO18_Prj/led
# Command line: vivado.exe -gui_launcher_event rodinguilauncherevent13320 E:\Qi_FPGA\prj\0.led\VIVADO18_Prj\led\led.xpr
# Log file: E:/Qi_FPGA/prj/0.led/VIVADO18_Prj/led/vivado.log
# Journal file: E:/Qi_FPGA/prj/0.led/VIVADO18_Prj/led\vivado.jou
#-----------------------------------------------------------
start_gui
open_project E:/Qi_FPGA/prj/0.led/VIVADO18_Prj/led/led.xpr
Scanning sources...
Finished scanning sources
INFO: [IP_Flow 19-234] Refreshing IP repositories
INFO: [IP_Flow 19-1704] No user IP repositories specified
INFO: [IP_Flow 19-2313] Loaded Vivado IP repository 'D:/vivado2018/APP/Vivado/2018.3/data/ip'.
update_compile_order -fileset sources_1
update_compile_order -fileset sources_1
create_ip -name clk_wiz -vendor xilinx.com -library ip -version 6.0 -module_name CLK_PLL -dir e:/Qi_FPGA/prj/0.led/VIVADO18_Prj/led/led.srcs/sources_1/ip
set_property -dict [list CONFIG.Component_Name {CLK_PLL} CONFIG.PRIMITIVE {PLL} CONFIG.PRIM_IN_FREQ {50} CONFIG.CLKOUT1_REQUESTED_OUT_FREQ {10} CONFIG.USE_RESET {false} CONFIG.CLKIN1_JITTER_PS {200.0} CONFIG.CLKOUT1_DRIVES {BUFG} CONFIG.CLKOUT2_DRIVES {BUFG} CONFIG.CLKOUT3_DRIVES {BUFG} CONFIG.CLKOUT4_DRIVES {BUFG} CONFIG.CLKOUT5_DRIVES {BUFG} CONFIG.CLKOUT6_DRIVES {BUFG} CONFIG.CLKOUT7_DRIVES {BUFG} CONFIG.MMCM_DIVCLK_DIVIDE {1} CONFIG.MMCM_CLKFBOUT_MULT_F {17} CONFIG.MMCM_CLKIN1_PERIOD {20.000} CONFIG.MMCM_CLKIN2_PERIOD {10.0} CONFIG.MMCM_COMPENSATION {ZHOLD} CONFIG.MMCM_CLKOUT0_DIVIDE_F {85} CONFIG.CLKOUT1_JITTER {302.332} CONFIG.CLKOUT1_PHASE_ERROR {155.540}] [get_ips CLK_PLL]
WARNING: [Vivado 12-3523] Attempt to change 'Component_Name' from 'CLK_PLL' to 'CLK_PLL' is not allowed and is ignored.
generate_target {instantiation_template} [get_files e:/Qi_FPGA/prj/0.led/VIVADO18_Prj/led/led.srcs/sources_1/ip/CLK_PLL/CLK_PLL.xci]
INFO: [IP_Flow 19-1686] Generating 'Instantiation Template' target for IP 'CLK_PLL'...
update_compile_order -fileset sources_1
generate_target all [get_files  e:/Qi_FPGA/prj/0.led/VIVADO18_Prj/led/led.srcs/sources_1/ip/CLK_PLL/CLK_PLL.xci]
INFO: [IP_Flow 19-1686] Generating 'Synthesis' target for IP 'CLK_PLL'...
INFO: [IP_Flow 19-1686] Generating 'Simulation' target for IP 'CLK_PLL'...
INFO: [IP_Flow 19-1686] Generating 'Implementation' target for IP 'CLK_PLL'...
INFO: [IP_Flow 19-1686] Generating 'Change Log' target for IP 'CLK_PLL'...
catch { config_ip_cache -export [get_ips -all CLK_PLL] }
export_ip_user_files -of_objects [get_files e:/Qi_FPGA/prj/0.led/VIVADO18_Prj/led/led.srcs/sources_1/ip/CLK_PLL/CLK_PLL.xci] -no_script -sync -force -quiet
create_ip_run [get_files -of_objects [get_fileset sources_1] e:/Qi_FPGA/prj/0.led/VIVADO18_Prj/led/led.srcs/sources_1/ip/CLK_PLL/CLK_PLL.xci]
launch_runs -jobs 20 CLK_PLL_synth_1
[Sun Nov 26 19:15:24 2023] Launched CLK_PLL_synth_1...
Run output will be captured here: E:/Qi_FPGA/prj/0.led/VIVADO18_Prj/led/led.runs/CLK_PLL_synth_1/runme.log
export_simulation -of_objects [get_files e:/Qi_FPGA/prj/0.led/VIVADO18_Prj/led/led.srcs/sources_1/ip/CLK_PLL/CLK_PLL.xci] -directory E:/Qi_FPGA/prj/0.led/VIVADO18_Prj/led/led.ip_user_files/sim_scripts -ip_user_files_dir E:/Qi_FPGA/prj/0.led/VIVADO18_Prj/led/led.ip_user_files -ipstatic_source_dir E:/Qi_FPGA/prj/0.led/VIVADO18_Prj/led/led.ip_user_files/ipstatic -lib_map_path [list {modelsim=E:/Qi_FPGA/prj/0.led/VIVADO18_Prj/led/led.cache/compile_simlib/modelsim} {questa=E:/Qi_FPGA/prj/0.led/VIVADO18_Prj/led/led.cache/compile_simlib/questa} {riviera=E:/Qi_FPGA/prj/0.led/VIVADO18_Prj/led/led.cache/compile_simlib/riviera} {activehdl=E:/Qi_FPGA/prj/0.led/VIVADO18_Prj/led/led.cache/compile_simlib/activehdl}] -use_ip_compiled_libs -force -quiet
update_compile_order -fileset sources_1
update_compile_order -fileset sources_1
update_compile_order -fileset sources_1
exit
INFO: [Common 17-206] Exiting Vivado at Sun Nov 26 19:31:00 2023...
